2017/2/16 18:37:56.822: 可能出现了异常，已重新初始化连接。(已发送字节数：2200，已接收字节数：1824，上传速度：-3043481，下载速度：-17311021，当前连接：(null)，已重新初始化0次)
2017/2/16 18:38:3.824: 可能出现了异常，已重新初始化连接。(已发送字节数：2200，已接收字节数：1824，上传速度：-3046948，下载速度：-17311690，当前连接：(null)，已重新初始化0次)
2017/2/16 18:40:36.382: 可能出现了异常，已重新初始化连接。(已发送字节数：2200，已接收字节数：1824，上传速度：-3188902，下载速度：-17366346，当前连接：(null)，已重新初始化0次)
2017/2/20 22:57:36.253: 可能出现了异常，已重新初始化连接。(已发送字节数：3756，已接收字节数：43，上传速度：4294099790，下载速度：4293549490，当前连接：VMware Virtual Ethernet Adapter for VMnet1，已重新初始化1次)
2017/2/20 22:58:35.256: 可能出现了异常，已重新初始化连接。(已发送字节数：0，已接收字节数：0，上传速度：4294058884，下载速度：4293522289，当前连接：Microsoft Teredo Tunneling Adapter，已重新初始化2次)
2017/2/20 22:58:36.252: 可能出现了异常，已重新初始化连接。(已发送字节数：7580，已接收字节数：3648，上传速度：4294058884，下载速度：4293522289，当前连接：Microsoft Teredo Tunneling Adapter，已重新初始化3次)
2017/2/20 22:59:18.252: 可能出现了异常，已重新初始化连接。(已发送字节数：2541858，已接收字节数：0，上传速度：2532782，下载速度：4294962888，当前连接：Bluetooth 设备(个人区域网)，已重新初始化1次)
2017/2/20 23:4:51.382: 可能出现了异常，已重新初始化连接。(已发送字节数：9214，已接收字节数：4408，上传速度：4292203890，下载速度：4408，当前连接：Microsoft Teredo Tunneling Adapter，已重新初始化1次)
2017/2/20 23:5:3.383: 可能出现了异常，已重新初始化连接。(已发送字节数：4132，已接收字节数：43，上传速度：4294962214，下载速度：4294962931，当前连接：VMware Virtual Ethernet Adapter for VMnet1，已重新初始化2次)
2017/2/20 23:5:12.375: 可能出现了异常，已重新初始化连接。(已发送字节数：2787898，已接收字节数：0，上传速度：2783766，下载速度：4294967253，当前连接：Bluetooth 设备(个人区域网)，已重新初始化3次)
2017/2/20 23:6:21.381: 可能出现了异常，已重新初始化连接。(已发送字节数：4498，已接收字节数：43，上传速度：4292085496，下载速度：43，当前连接：VMware Virtual Ethernet Adapter for VMnet1，已重新初始化4次)
2017/2/20 23:6:26.377: 可能出现了异常，已重新初始化连接。(已发送字节数：2886298，已接收字节数：0，上传速度：2881800，下载速度：4294967253，当前连接：Bluetooth 设备(个人区域网)，已重新初始化5次)
2017/2/20 23:6:36.381: 可能出现了异常，已重新初始化连接。(已发送字节数：198595，已接收字节数：987773，上传速度：4292279593，下载速度：987773，当前连接：Marvell AVASTAR Wireless-AC Network Controller，已重新初始化6次)
2017/2/20 23:6:47.382: 可能出现了异常，已重新初始化连接。(已发送字节数：2886298，已接收字节数：0，上传速度：2683046，下载速度：4293973654，当前连接：Bluetooth 设备(个人区域网)，已重新初始化1次)
2017/2/20 23:12:42.422: 可能出现了异常，已重新初始化连接。(已发送字节数：4518，已接收字节数：45，上传速度：4294346264，下载速度：4293725714，当前连接：VMware Virtual Ethernet Adapter for VMnet1，已重新初始化1次)
2017/2/20 23:17:33.49: 可能出现了异常，已重新初始化连接。(已发送字节数：3074534，已接收字节数：0，上传速度：2134892，下载速度：4293329376，当前连接：Bluetooth 设备(个人区域网)，已重新初始化1次)
2017/2/20 23:17:48.54: 可能出现了异常，已重新初始化连接。(已发送字节数：939642，已接收字节数：1637920，上传速度：4292823095，下载速度：1637920，当前连接：Marvell AVASTAR Wireless-AC Network Controller，已重新初始化1次)
2017/2/20 23:20:58.877: 当前连接已断开，已重新初始化连接。(已重新初始化0次)
2017/2/20 23:20:59.875: 当前连接已断开，已重新初始化连接。(已重新初始化1次)
2017/2/20 23:21:0.881: 当前连接已断开，已重新初始化连接。(已重新初始化2次)
2017/2/20 23:21:1.874: 当前连接已断开，已重新初始化连接。(已重新初始化3次)
2017/2/20 23:21:2.879: 当前连接已断开，已重新初始化连接。(已重新初始化4次)
2017/2/20 23:21:3.874: 当前连接已断开，已重新初始化连接。(已重新初始化5次)
2017/2/20 23:21:4.875: 当前连接已断开，已重新初始化连接。(已重新初始化6次)
2017/2/20 23:21:5.892: 可能出现了异常，已重新初始化连接。(已发送字节数：3247889，已接收字节数：0，上传速度：2308247，下载速度：4293329376，当前连接：Bluetooth 设备(个人区域网)，已重新初始化8次)
2017/2/20 23:22:5.882: 当前连接已断开，已重新初始化连接。(已重新初始化8次)
2017/2/20 23:22:6.902: 可能出现了异常，已重新初始化连接。(已发送字节数：159277，已接收字节数：452466，上传速度：4291810367，下载速度：452466，当前连接：Marvell AVASTAR Wireless-AC Network Controller，已重新初始化10次)
2017/2/22 19:49:24.337: 可能出现了异常，已重新初始化连接。(已发送字节数：0，已接收字节数：0，上传速度：4293789522，下载速度：4291789933，当前连接：Software Loopback Interface 1，已重新初始化1次)
2017/2/22 19:49:25.322: 可能出现了异常，已重新初始化连接。(已发送字节数：0，已接收字节数：0，上传速度：4293789522，下载速度：4291789933，当前连接：Software Loopback Interface 1，已重新初始化2次)
2017/2/22 19:49:26.347: 可能出现了异常，已重新初始化连接。(已发送字节数：0，已接收字节数：0，上传速度：4293789522，下载速度：4291789933，当前连接：Software Loopback Interface 1，已重新初始化3次)
2017/2/22 19:49:27.322: 可能出现了异常，已重新初始化连接。(已发送字节数：0，已接收字节数：0，上传速度：4293789522，下载速度：4291789933，当前连接：Software Loopback Interface 1，已重新初始化4次)
2017/2/22 19:49:28.331: 可能出现了异常，已重新初始化连接。(已发送字节数：0，已接收字节数：0，上传速度：4293789522，下载速度：4291789933，当前连接：Software Loopback Interface 1，已重新初始化5次)
2017/2/22 19:49:29.323: 可能出现了异常，已重新初始化连接。(已发送字节数：0，已接收字节数：0，上传速度：4293789522，下载速度：4291789933，当前连接：Software Loopback Interface 1，已重新初始化6次)
2017/2/22 19:49:30.326: 可能出现了异常，已重新初始化连接。(已发送字节数：0，已接收字节数：0，上传速度：4293789522，下载速度：4291789933，当前连接：Software Loopback Interface 1，已重新初始化7次)
2017/2/22 19:49:31.324: 可能出现了异常，已重新初始化连接。(已发送字节数：0，已接收字节数：0，上传速度：4293789522，下载速度：4291789933，当前连接：Software Loopback Interface 1，已重新初始化8次)
2017/2/22 19:49:32.327: 可能出现了异常，已重新初始化连接。(已发送字节数：0，已接收字节数：0，上传速度：4293789522，下载速度：4291789933，当前连接：Software Loopback Interface 1，已重新初始化9次)
2017/2/22 19:49:33.321: 可能出现了异常，已重新初始化连接。(已发送字节数：0，已接收字节数：0，上传速度：4293789522，下载速度：4291789933，当前连接：Software Loopback Interface 1，已重新初始化10次)
2017/2/22 19:49:34.322: 可能出现了异常，已重新初始化连接。(已发送字节数：0，已接收字节数：0，上传速度：4293789522，下载速度：4291789933，当前连接：Software Loopback Interface 1，已重新初始化11次)
2017/2/22 19:58:51.150: 可能出现了异常，已重新初始化连接。(已发送字节数：0，已接收字节数：0，上传速度：4291927324，下载速度：4282481481，当前连接：Bluetooth Device (RFCOMM Protocol TDI)，已重新初始化1次)
2017/2/22 19:58:52.158: 可能出现了异常，已重新初始化连接。(已发送字节数：0，已接收字节数：0，上传速度：4291927324，下载速度：4282481481，当前连接：Bluetooth Device (RFCOMM Protocol TDI)，已重新初始化2次)
2017/2/22 19:58:53.151: 可能出现了异常，已重新初始化连接。(已发送字节数：0，已接收字节数：0，上传速度：4291927324，下载速度：4282481481，当前连接：Bluetooth Device (RFCOMM Protocol TDI)，已重新初始化3次)
2017/2/22 19:58:54.150: 可能出现了异常，已重新初始化连接。(已发送字节数：0，已接收字节数：0，上传速度：4291927324，下载速度：4282481481，当前连接：Bluetooth Device (RFCOMM Protocol TDI)，已重新初始化4次)
2017/2/22 19:58:55.154: 可能出现了异常，已重新初始化连接。(已发送字节数：0，已接收字节数：0，上传速度：4291927324，下载速度：4282481481，当前连接：Bluetooth Device (RFCOMM Protocol TDI)，已重新初始化5次)
2017/2/22 19:58:56.154: 可能出现了异常，已重新初始化连接。(已发送字节数：0，已接收字节数：0，上传速度：4291927324，下载速度：4282481481，当前连接：Bluetooth Device (RFCOMM Protocol TDI)，已重新初始化6次)
2017/2/22 19:58:57.148: 可能出现了异常，已重新初始化连接。(已发送字节数：0，已接收字节数：0，上传速度：4291927324，下载速度：4282481481，当前连接：Bluetooth Device (RFCOMM Protocol TDI)，已重新初始化7次)
2017/2/22 19:58:58.149: 可能出现了异常，已重新初始化连接。(已发送字节数：0，已接收字节数：0，上传速度：4291927324，下载速度：4282481481，当前连接：Bluetooth 设备(个人区域网)，已重新初始化8次)
2017/2/22 19:58:59.150: 可能出现了异常，已重新初始化连接。(已发送字节数：0，已接收字节数：0，上传速度：4291927324，下载速度：4282481481，当前连接：Bluetooth 设备(个人区域网)，已重新初始化9次)
2017/2/22 19:59:0.155: 可能出现了异常，已重新初始化连接。(已发送字节数：0，已接收字节数：0，上传速度：4291927324，下载速度：4282481481，当前连接：Bluetooth 设备(个人区域网)，已重新初始化10次)
2017/2/22 19:59:1.155: 可能出现了异常，已重新初始化连接。(已发送字节数：0，已接收字节数：0，上传速度：4291927324，下载速度：4282481481，当前连接：Bluetooth 设备(个人区域网)，已重新初始化11次)
2017/2/22 20:0:46.159: 可能出现了异常，已重新初始化连接。(已发送字节数：0，已接收字节数：0，上传速度：4291927324，下载速度：4282481481，当前连接：WAN Miniport (IP)-QoS Packet Scheduler-0000，已重新初始化1次)
2017/2/22 20:0:47.154: 可能出现了异常，已重新初始化连接。(已发送字节数：0，已接收字节数：0，上传速度：4291927324，下载速度：4282481481，当前连接：WAN Miniport (IP)-QoS Packet Scheduler-0000，已重新初始化2次)
2017/2/22 20:0:48.152: 可能出现了异常，已重新初始化连接。(已发送字节数：0，已接收字节数：0，上传速度：4291927324，下载速度：4282481481，当前连接：WAN Miniport (IP)-QoS Packet Scheduler-0000，已重新初始化3次)
2017/2/22 20:0:49.156: 可能出现了异常，已重新初始化连接。(已发送字节数：0，已接收字节数：0，上传速度：4291927324，下载速度：4282481481，当前连接：WAN Miniport (IP)-QoS Packet Scheduler-0000，已重新初始化4次)
2017/2/22 20:0:50.155: 可能出现了异常，已重新初始化连接。(已发送字节数：0，已接收字节数：0，上传速度：4291927324，下载速度：4282481481，当前连接：WAN Miniport (IP)-QoS Packet Scheduler-0000，已重新初始化5次)
2017/2/22 20:0:51.162: 可能出现了异常，已重新初始化连接。(已发送字节数：0，已接收字节数：0，上传速度：4291927324，下载速度：4282481481，当前连接：WAN Miniport (IP)-QoS Packet Scheduler-0000，已重新初始化6次)
2017/2/22 20:0:52.151: 可能出现了异常，已重新初始化连接。(已发送字节数：0，已接收字节数：0，上传速度：4291927324，下载速度：4282481481，当前连接：WAN Miniport (IP)-QoS Packet Scheduler-0000，已重新初始化7次)
2017/2/22 20:0:53.167: 可能出现了异常，已重新初始化连接。(已发送字节数：0，已接收字节数：0，上传速度：4291927324，下载速度：4282481481，当前连接：WAN Miniport (IP)-QoS Packet Scheduler-0000，已重新初始化8次)
2017/2/22 20:0:54.151: 可能出现了异常，已重新初始化连接。(已发送字节数：0，已接收字节数：0，上传速度：4291927324，下载速度：4282481481，当前连接：WAN Miniport (IP)-QoS Packet Scheduler-0000，已重新初始化9次)
2017/2/22 20:0:55.150: 可能出现了异常，已重新初始化连接。(已发送字节数：0，已接收字节数：0，上传速度：4291927324，下载速度：4282481481，当前连接：WAN Miniport (IP)-QoS Packet Scheduler-0000，已重新初始化10次)
2017/2/22 20:0:56.158: 可能出现了异常，已重新初始化连接。(已发送字节数：0，已接收字节数：0，上传速度：4291927324，下载速度：4282481481，当前连接：WAN Miniport (IP)-QoS Packet Scheduler-0000，已重新初始化11次)
2017/2/23 10:35:16.674: 可能出现了异常，已重新初始化连接。(已发送字节数：0，已接收字节数：0，上传速度：0，下载速度：0，当前连接：WAN Miniport (IPv6)，已重新初始化1次)
2017/2/24 8:54:55.916: 可能出现了异常，已重新初始化连接。(已发送字节数：0，已接收字节数：0，上传速度：4287175116，下载速度：4264872844，当前连接：WAN Miniport (IPv6)，已重新初始化2次)
2017/2/24 8:54:56.886: 可能出现了异常，已重新初始化连接。(已发送字节数：0，已接收字节数：0，上传速度：4287175116，下载速度：4264872844，当前连接：WAN Miniport (IPv6)，已重新初始化4次)
2017/2/24 8:54:57.665: 可能出现了异常，已重新初始化连接。(已发送字节数：0，已接收字节数：0，上传速度：4287175116，下载速度：4264872844，当前连接：WAN Miniport (IPv6)，已重新初始化6次)
2017/2/24 8:54:59.308: 可能出现了异常，已重新初始化连接。(已发送字节数：0，已接收字节数：0，上传速度：4287175116，下载速度：4264872844，当前连接：WAN Miniport (IPv6)，已重新初始化8次)
2017/2/24 8:55:0.851: 可能出现了异常，已重新初始化连接。(已发送字节数：0，已接收字节数：0，上传速度：4287175116，下载速度：4264872844，当前连接：WAN Miniport (IPv6)，已重新初始化10次)
2017/2/24 8:56:10.382: 可能出现了异常，已重新初始化连接。(已发送字节数：0，已接收字节数：0，上传速度：0，下载速度：0，当前连接：WAN Miniport (IPv6)，已重新初始化1次)
2017/2/24 8:56:11.385: 可能出现了异常，已重新初始化连接。(已发送字节数：0，已接收字节数：0，上传速度：0，下载速度：0，当前连接：WAN Miniport (IPv6)，已重新初始化2次)
2017/2/24 8:56:12.403: 可能出现了异常，已重新初始化连接。(已发送字节数：0，已接收字节数：0，上传速度：0，下载速度：0，当前连接：WAN Miniport (IPv6)，已重新初始化3次)
2017/2/24 8:56:13.416: 可能出现了异常，已重新初始化连接。(已发送字节数：0，已接收字节数：0，上传速度：0，下载速度：0，当前连接：WAN Miniport (IPv6)，已重新初始化4次)
2017/2/24 8:56:14.431: 可能出现了异常，已重新初始化连接。(已发送字节数：0，已接收字节数：0，上传速度：0，下载速度：0，当前连接：WAN Miniport (IPv6)，已重新初始化5次)
2017/2/24 8:56:15.447: 可能出现了异常，已重新初始化连接。(已发送字节数：0，已接收字节数：0，上传速度：0，下载速度：0，当前连接：WAN Miniport (IPv6)，已重新初始化6次)
2017/2/24 8:56:16.464: 可能出现了异常，已重新初始化连接。(已发送字节数：0，已接收字节数：0，上传速度：0，下载速度：0，当前连接：WAN Miniport (IPv6)，已重新初始化7次)
2017/2/24 8:56:17.471: 可能出现了异常，已重新初始化连接。(已发送字节数：0，已接收字节数：0，上传速度：0，下载速度：0，当前连接：WAN Miniport (IPv6)，已重新初始化8次)
2017/2/24 8:56:18.490: 可能出现了异常，已重新初始化连接。(已发送字节数：0，已接收字节数：0，上传速度：0，下载速度：0，当前连接：WAN Miniport (IPv6)，已重新初始化9次)
2017/2/24 8:56:19.496: 可能出现了异常，已重新初始化连接。(已发送字节数：0，已接收字节数：0，上传速度：0，下载速度：0，当前连接：WAN Miniport (IPv6)，已重新初始化10次)
2017/2/24 8:57:40.489: 可能出现了异常，已重新初始化连接。(已发送字节数：0，已接收字节数：0，上传速度：4294783399，下载速度：4294592993，当前连接：WAN Miniport (IPv6)，已重新初始化2次)
2017/2/24 8:57:40.504: 可能出现了异常，已重新初始化连接。(已发送字节数：0，已接收字节数：0，上传速度：4294783399，下载速度：4294592993，当前连接：WAN Miniport (IPv6)，已重新初始化3次)
2017/2/24 8:57:41.3: 可能出现了异常，已重新初始化连接。(已发送字节数：0，已接收字节数：0，上传速度：4294783399，下载速度：4294592993，当前连接：WAN Miniport (IPv6)，已重新初始化4次)
2017/2/24 8:57:42.17: 可能出现了异常，已重新初始化连接。(已发送字节数：0，已接收字节数：0，上传速度：4294783399，下载速度：4294592993，当前连接：WAN Miniport (IPv6)，已重新初始化5次)
2017/2/24 8:57:43.31: 可能出现了异常，已重新初始化连接。(已发送字节数：0，已接收字节数：0，上传速度：4294783399，下载速度：4294592993，当前连接：WAN Miniport (IPv6)，已重新初始化6次)
2017/2/24 8:57:44.45: 可能出现了异常，已重新初始化连接。(已发送字节数：0，已接收字节数：0，上传速度：4294783399，下载速度：4294592993，当前连接：WAN Miniport (IPv6)，已重新初始化7次)
2017/2/24 8:58:18.143: 可能出现了异常，已重新初始化连接。(已发送字节数：0，已接收字节数：0，上传速度：0，下载速度：0，当前连接：WAN Miniport (IPv6)，已重新初始化1次)
2017/2/24 8:58:20.180: 可能出现了异常，已重新初始化连接。(已发送字节数：0，已接收字节数：0，上传速度：0，下载速度：0，当前连接：WAN Miniport (IPv6)，已重新初始化2次)
2017/2/24 8:58:24.523: 可能出现了异常，已重新初始化连接。(已发送字节数：0，已接收字节数：0，上传速度：0，下载速度：0，当前连接：WAN Miniport (IPv6)，已重新初始化3次)
2017/2/24 8:58:24.539: 可能出现了异常，已重新初始化连接。(已发送字节数：0，已接收字节数：0，上传速度：0，下载速度：0，当前连接：WAN Miniport (IPv6)，已重新初始化4次)
2017/2/24 8:58:25.319: 可能出现了异常，已重新初始化连接。(已发送字节数：0，已接收字节数：0，上传速度：0，下载速度：0，当前连接：WAN Miniport (IPv6)，已重新初始化5次)
2017/2/24 8:58:26.336: 可能出现了异常，已重新初始化连接。(已发送字节数：0，已接收字节数：0，上传速度：0，下载速度：0，当前连接：WAN Miniport (IPv6)，已重新初始化6次)
2017/2/24 8:58:27.350: 可能出现了异常，已重新初始化连接。(已发送字节数：0，已接收字节数：0，上传速度：0，下载速度：0，当前连接：WAN Miniport (IPv6)，已重新初始化7次)
2017/2/24 8:58:28.364: 可能出现了异常，已重新初始化连接。(已发送字节数：0，已接收字节数：0，上传速度：0，下载速度：0，当前连接：WAN Miniport (IPv6)，已重新初始化8次)
2017/2/24 9:1:46.830: 可能出现了异常，已重新初始化连接。(已发送字节数：0，已接收字节数：0，上传速度：0，下载速度：0，当前连接：WAN Miniport (IPv6)，已重新初始化1次)
2017/2/24 9:1:47.848: 可能出现了异常，已重新初始化连接。(已发送字节数：0，已接收字节数：0，上传速度：0，下载速度：0，当前连接：WAN Miniport (IPv6)，已重新初始化2次)
2017/2/24 9:1:48.865: 可能出现了异常，已重新初始化连接。(已发送字节数：0，已接收字节数：0，上传速度：0，下载速度：0，当前连接：WAN Miniport (IPv6)，已重新初始化3次)
2017/2/24 9:1:49.873: 可能出现了异常，已重新初始化连接。(已发送字节数：0，已接收字节数：0，上传速度：0，下载速度：0，当前连接：WAN Miniport (IPv6)，已重新初始化4次)
2017/2/24 9:1:50.887: 可能出现了异常，已重新初始化连接。(已发送字节数：0，已接收字节数：0，上传速度：0，下载速度：0，当前连接：WAN Miniport (IPv6)，已重新初始化5次)
2017/2/24 9:1:51.904: 可能出现了异常，已重新初始化连接。(已发送字节数：0，已接收字节数：0，上传速度：0，下载速度：0，当前连接：WAN Miniport (IPv6)，已重新初始化6次)
2017/2/24 9:1:52.915: 可能出现了异常，已重新初始化连接。(已发送字节数：0，已接收字节数：0，上传速度：0，下载速度：0，当前连接：WAN Miniport (IPv6)，已重新初始化7次)
2017/2/24 9:1:53.929: 可能出现了异常，已重新初始化连接。(已发送字节数：0，已接收字节数：0，上传速度：0，下载速度：0，当前连接：WAN Miniport (IPv6)，已重新初始化8次)
2017/2/24 9:1:54.944: 可能出现了异常，已重新初始化连接。(已发送字节数：0，已接收字节数：0，上传速度：0，下载速度：0，当前连接：WAN Miniport (IPv6)，已重新初始化9次)
2017/2/24 9:1:55.963: 可能出现了异常，已重新初始化连接。(已发送字节数：0，已接收字节数：0，上传速度：0，下载速度：0，当前连接：WAN Miniport (IPv6)，已重新初始化10次)
2017/2/24 9:1:56.977: 可能出现了异常，已重新初始化连接。(已发送字节数：0，已接收字节数：0，上传速度：0，下载速度：0，当前连接：WAN Miniport (IPv6)，已重新初始化11次)
2017/2/24 9:9:59.817: 可能出现了异常，已重新初始化连接。(已发送字节数：0，已接收字节数：0，上传速度：0，下载速度：0，当前连接：WAN Miniport (IPv6)，已重新初始化1次)
2017/2/24 9:10:1.128: 可能出现了异常，已重新初始化连接。(已发送字节数：0，已接收字节数：0，上传速度：0，下载速度：0，当前连接：WAN Miniport (IPv6)，已重新初始化2次)
2017/2/24 9:10:2.406: 可能出现了异常，已重新初始化连接。(已发送字节数：0，已接收字节数：0，上传速度：0，下载速度：0，当前连接：WAN Miniport (IPv6)，已重新初始化3次)
2017/2/24 9:10:3.627: 可能出现了异常，已重新初始化连接。(已发送字节数：0，已接收字节数：0，上传速度：0，下载速度：0，当前连接：WAN Miniport (IPv6)，已重新初始化4次)
2017/2/24 9:10:4.918: 可能出现了异常，已重新初始化连接。(已发送字节数：0，已接收字节数：0，上传速度：0，下载速度：0，当前连接：WAN Miniport (IPv6)，已重新初始化5次)
2017/2/24 9:10:9.267: 可能出现了异常，已重新初始化连接。(已发送字节数：0，已接收字节数：0，上传速度：0，下载速度：0，当前连接：WAN Miniport (IPv6)，已重新初始化6次)
2017/2/24 9:14:33.111: 可能出现了异常，已重新初始化连接。(已发送字节数：0，已接收字节数：0，上传速度：0，下载速度：0，当前连接：WAN Miniport (IPv6)，已重新初始化1次)
2017/2/24 9:16:40.93: 可能出现了异常，已重新初始化连接。(已发送字节数：0，已接收字节数：0，上传速度：0，下载速度：0，当前连接：Intel(R) Ethernet Connection I217-LM-TM NDIS Sample LightWeight Filter-0000，已重新初始化3次)
2017/2/24 9:17:3.706: 可能出现了异常，已重新初始化连接。(已发送字节数：0，已接收字节数：0，上传速度：4294828536，下载速度：4294667153，当前连接：WAN Miniport (IPv6)，已重新初始化5次)
2017/2/24 9:17:11.146: 可能出现了异常，已重新初始化连接。(已发送字节数：0，已接收字节数：0，上传速度：4294828536，下载速度：4294667153，当前连接：WAN Miniport (IPv6)，已重新初始化6次)
2017/2/24 9:17:28.382: 可能出现了异常，已重新初始化连接。(已发送字节数：0，已接收字节数：0，上传速度：4294828536，下载速度：4294667153，当前连接：Intel(R) Ethernet Connection I217-LM-TM NDIS Sample LightWeight Filter-0000，已重新初始化8次)
2017/2/24 9:17:36.778: 可能出现了异常，已重新初始化连接。(已发送字节数：8479，已接收字节数：0，上传速度：4294828536，下载速度：4294667153，当前连接：Intel(R) Ethernet Connection I217-LM-TM NDIS Sample LightWeight Filter-0000，已重新初始化9次)
2017/3/1 16:10:37.34: 检测到连接数发生变化，已重新获取连接。先前连接数：9，现在连接数：4。
2017/3/1 16:13:4.15: 检测到连接数发生变化，已重新获取连接。先前连接数：4，现在连接数：3。
2017/3/1 16:13:12.928: 检测到连接数发生变化，已重新获取连接。先前连接数：3，现在连接数：9。
2017/3/1 16:13:57.928: 检测到连接数发生变化，已重新获取连接。先前连接数：9，现在连接数：4。
2017/3/1 16:13:58.931: 检测到连接数发生变化，已重新获取连接。先前连接数：4，现在连接数：3。
2017/3/1 16:14:19.926: 检测到连接数发生变化，已重新获取连接。先前连接数：3，现在连接数：9。
2017/4/23 20:26:13.635: 检测到连接数发生变化，已重新获取连接。先前连接数：6，现在连接数：1。(已重新初始化1次)
2017/4/23 20:28:2.97: 检测到连接数发生变化，已重新获取连接。先前连接数：1，现在连接数：6。(已重新初始化1次)
2017/4/23 20:28:33.475: 检测到连接数发生变化，已重新获取连接。先前连接数：6，现在连接数：1。(已重新初始化2次)
2017/4/23 20:28:44.850: 检测到连接数发生变化，已重新获取连接。先前连接数：1，现在连接数：6。(已重新初始化3次)
2017/5/10 20:36:5.182: 可能出现了异常，当前选择的连接和期望的连接不一致，已重新获取连接。(已重新初始化1次)
2017/5/10 20:36:9.182: 检测到连接数发生变化，已重新获取连接。先前连接数：7，现在连接数：2。(已重新初始化2次)
2017/5/10 20:36:52.186: 检测到连接数发生变化，已重新获取连接。先前连接数：2，现在连接数：7。(已重新初始化3次)
2017/5/19 19:14:7.512: 检测到连接数发生变化，已重新获取连接。先前连接数：9，现在连接数：4。(已重新初始化1次)
2017/5/19 19:17:4.412: 检测到连接数发生变化，已重新获取连接。先前连接数：4，现在连接数：9。(已重新初始化1次)
2017/5/19 19:17:10.327: 可能出现了异常，当前选择的连接和期望的连接不一致，已重新获取连接。(已重新初始化2次)
2017/5/19 19:17:34.326: 检测到连接数发生变化，已重新获取连接。先前连接数：9，现在连接数：4。(已重新初始化3次)
2017/5/19 19:17:35.318: 检测到连接数发生变化，已重新获取连接。先前连接数：4，现在连接数：3。(已重新初始化4次)
2017/5/19 19:17:40.320: 可能出现了异常，当前选择的连接和期望的连接不一致，已重新获取连接。(已重新初始化5次)
2017/5/19 19:17:46.326: 检测到连接数发生变化，已重新获取连接。先前连接数：3，现在连接数：9。(已重新初始化6次)
2017/5/19 19:17:51.340: 可能出现了异常，当前选择的连接和期望的连接不一致，已重新获取连接。(已重新初始化7次)
2017/5/19 19:31:12.632: 检测到连接数发生变化，已重新获取连接。先前连接数：9，现在连接数：4。(已重新初始化1次)
2017/5/19 19:31:20.978: 可能出现了异常，当前选择的连接和期望的连接不一致，已重新获取连接。(已重新初始化2次)
2017/5/19 19:31:23.630: 可能出现了异常，当前选择的连接和期望的连接不一致，已重新获取连接。(已重新初始化3次)
2017/5/19 19:31:24.637: 检测到连接数发生变化，已重新获取连接。先前连接数：4，现在连接数：9。(已重新初始化4次)
2017/5/19 19:43:29.346: 检测到连接数发生变化，已重新获取连接。先前连接数：9，现在连接数：3。(已重新初始化1次)
2017/5/19 19:48:49.208: 检测到连接数发生变化，已重新获取连接。先前连接数：9，现在连接数：3。(已重新初始化1次)
2017/5/19 19:48:54.218: 可能出现了异常，当前选择的连接和期望的连接不一致，已重新获取连接。(已重新初始化2次)
2017/5/19 19:48:59.265: 检测到连接数发生变化，已重新获取连接。先前连接数：3，现在连接数：9。(已重新初始化3次)
2017/5/19 19:49:5.208: 可能出现了异常，当前选择的连接和期望的连接不一致，已重新获取连接。(已重新初始化4次)
2017/5/19 19:55:29.208: 检测到连接数发生变化，已重新获取连接。先前连接数：9，现在连接数：4。(已重新初始化1次)
2017/5/19 19:55:30.212: 检测到连接数发生变化，已重新获取连接。先前连接数：4，现在连接数：3。(已重新初始化2次)
2017/5/19 19:55:35.220: 可能出现了异常，当前选择的连接和期望的连接不一致，已重新获取连接。(已重新初始化3次)
2017/5/19 19:55:47.209: 检测到连接数发生变化，已重新获取连接。先前连接数：3，现在连接数：9。(已重新初始化4次)
2017/5/19 19:55:52.212: 可能出现了异常，当前选择的连接和期望的连接不一致，已重新获取连接。(已重新初始化5次)
2017/5/19 19:58:26.851: 检测到连接数发生变化，已重新获取连接。先前连接数：9，现在连接数：4。(已重新初始化1次)
2017/5/19 19:58:31.844: 可能出现了异常，当前选择的连接和期望的连接不一致，已重新获取连接。(已重新初始化2次)
2017/5/19 19:58:32.847: 检测到连接数发生变化，已重新获取连接。先前连接数：4，现在连接数：3。(已重新初始化3次)
2017/5/19 20:2:2.894: 检测到连接数发生变化，已重新获取连接。先前连接数：9，现在连接数：4。(已重新初始化1次)
2017/5/19 20:2:3.894: 检测到连接数发生变化，已重新获取连接。先前连接数：4，现在连接数：3。(已重新初始化2次)
2017/5/19 20:2:9.818: 可能出现了异常，当前选择的连接和期望的连接不一致，已重新获取连接。(已重新初始化3次)
2017/5/19 20:2:9.836: 可能出现了异常，当前选择的连接和期望的连接不一致，已重新获取连接。(已重新初始化4次)
2017/5/19 20:2:10.944: 检测到连接数发生变化，已重新获取连接。先前连接数：3，现在连接数：9。(已重新初始化5次)
2017/5/19 20:3:40.320: 检测到连接数发生变化，已重新获取连接。先前连接数：9，现在连接数：4。(已重新初始化1次)
2017/5/19 20:3:41.319: 检测到连接数发生变化，已重新获取连接。先前连接数：4，现在连接数：3。(已重新初始化2次)
2017/5/19 20:3:45.986: 可能出现了异常，当前选择的连接和期望的连接不一致，已重新获取连接。(已重新初始化3次)
2017/5/19 20:3:46.3: 可能出现了异常，当前选择的连接和期望的连接不一致，已重新获取连接。(已重新初始化4次)
2017/5/19 20:3:47.341: 检测到连接数发生变化，已重新获取连接。先前连接数：3，现在连接数：9。(已重新初始化5次)
2017/5/19 20:19:6.75: 检测到连接数发生变化，已重新获取连接。先前连接数：9，现在连接数：3。(已重新初始化1次)
2017/5/19 20:19:10.905: 可能出现了异常，当前选择的连接和期望的连接不一致，已重新获取连接。(已重新初始化2次)
2017/5/19 20:19:10.921: 可能出现了异常，当前选择的连接和期望的连接不一致，已重新获取连接。(已重新初始化3次)
2017/5/19 20:19:12.188: 检测到连接数发生变化，已重新获取连接。先前连接数：3，现在连接数：9。(已重新初始化4次)
2017/5/19 20:24:9.238: 检测到连接数发生变化，已重新获取连接。先前连接数：9，现在连接数：3。(已重新初始化1次)
2017/5/19 20:24:14.234: 可能出现了异常，当前选择的连接和期望的连接不一致，已重新获取连接。(已重新初始化2次)
2017/5/19 20:25:37.853: 检测到连接数发生变化，已重新获取连接。先前连接数：9，现在连接数：3。(已重新初始化1次)
2017/5/19 20:25:46.21: 可能出现了异常，当前选择的连接和期望的连接不一致，已重新获取连接。(已重新初始化2次)
2017/5/19 20:26:16.323: 检测到连接数发生变化，已重新获取连接。先前连接数：3，现在连接数：9。(已重新初始化3次)
2017/5/19 20:26:26.164: 可能出现了异常，当前选择的连接和期望的连接不一致，已重新获取连接。(已重新初始化4次)
2017/5/19 20:26:36.903: 检测到连接数发生变化，已重新获取连接。先前连接数：9，现在连接数：3。(已重新初始化5次)
2017/5/19 20:26:41.251: 可能出现了异常，当前选择的连接和期望的连接不一致，已重新获取连接。(已重新初始化6次)
2017/5/19 20:26:43.253: 可能出现了异常，当前选择的连接和期望的连接不一致，已重新获取连接。(已重新初始化7次)
2017/5/19 20:26:44.334: 检测到连接数发生变化，已重新获取连接。先前连接数：3，现在连接数：9。(已重新初始化8次)
2017/5/19 20:26:52.258: 检测到连接数发生变化，已重新获取连接。先前连接数：9，现在连接数：4。(已重新初始化9次)
2017/5/19 20:26:53.254: 检测到连接数发生变化，已重新获取连接。先前连接数：4，现在连接数：3。(已重新初始化10次)
2017/5/19 20:26:56.253: 可能出现了异常，当前选择的连接和期望的连接不一致，已重新获取连接。(已重新初始化11次)
2017/5/19 20:26:58.734: 可能出现了异常，当前选择的连接和期望的连接不一致，已重新获取连接。(已重新初始化12次)
2017/5/19 20:26:58.740: 可能出现了异常，当前选择的连接和期望的连接不一致，已重新获取连接。(已重新初始化13次)
2017/5/19 20:27:0.261: 检测到连接数发生变化，已重新获取连接。先前连接数：3，现在连接数：9。(已重新初始化14次)
